11116b2.fasta	Pam_CFBP_3205_T.fasta	98.7727	1628	1989
11116b2.fasta	Pam_ICMP_3918_T.fasta	98.7259	1647	1989
11116b2.fasta	Psyr_DSM_10604_T.fasta	89.2531	1570	1989
11116b2.fasta	Psyr_ICMP_3023_T.fasta	89.2423	1554	1989
11116b2.fasta	Psyr_KCTC_12500_T.fasta	89.1626	1618	1989
19322.fasta	Pam_ICMP_3918_T.fasta	87.9435	1437	1893
19322.fasta	Pam_CFBP_3205_T.fasta	87.9317	1441	1893
19322.fasta	Psyr_DSM_10604_T.fasta	87.0074	1474	1893
19322.fasta	Psyr_KCTC_12500_T.fasta	86.9923	1504	1893
19322.fasta	Psyr_ICMP_3023_T.fasta	86.94	1455	1893
2341.fasta	Pam_CFBP_3205_T.fasta	98.6975	1640	2012
2341.fasta	Pam_ICMP_3918_T.fasta	98.685	1653	2012
2341.fasta	Psyr_DSM_10604_T.fasta	89.2959	1580	2012
2341.fasta	Psyr_ICMP_3023_T.fasta	89.2924	1541	2012
2341.fasta	Psyr_KCTC_12500_T.fasta	89.2164	1639	2012
5270.fasta	Pam_CFBP_3205_T.fasta	98.7817	1644	2009
5270.fasta	Pam_ICMP_3918_T.fasta	98.7573	1656	2009
5270.fasta	Psyr_DSM_10604_T.fasta	89.2834	1586	2009
5270.fasta	Psyr_ICMP_3023_T.fasta	89.2772	1552	2009
5270.fasta	Psyr_KCTC_12500_T.fasta	89.1985	1629	2009
7968A.fasta	Pam_CFBP_3205_T.fasta	88.0321	1483	2047
7968A.fasta	Pam_ICMP_3918_T.fasta	87.9993	1500	2047
7968A.fasta	Psyr_DSM_10604_T.fasta	86.9067	1508	2047
7968A.fasta	Psyr_KCTC_12500_T.fasta	86.8847	1548	2047
7968A.fasta	Psyr_ICMP_3023_T.fasta	86.8766	1486	2047
FTRS_U6602.fasta	Pam_ICMP_3918_T.fasta	98.699	1510	1804
FTRS_U6602.fasta	Pam_CFBP_3205_T.fasta	98.6538	1511	1804
FTRS_U6602.fasta	Psyr_DSM_10604_T.fasta	89.2634	1453	1804
FTRS_U6602.fasta	Psyr_KCTC_12500_T.fasta	89.2436	1476	1804
FTRS_U6602.fasta	Psyr_ICMP_3023_T.fasta	89.2234	1428	1804
FTRS_U6603.fasta	Pam_CFBP_3205_T.fasta	98.7256	1508	1818
FTRS_U6603.fasta	Pam_ICMP_3918_T.fasta	98.6569	1523	1818
FTRS_U6603.fasta	Psyr_DSM_10604_T.fasta	89.2095	1458	1818
FTRS_U6603.fasta	Psyr_ICMP_3023_T.fasta	89.2066	1442	1818
FTRS_U6603.fasta	Psyr_KCTC_12500_T.fasta	89.1912	1480	1818
FTRS_U7805.fasta	Pam_ICMP_3918_T.fasta	98.4129	1514	1749
FTRS_U7805.fasta	Pam_CFBP_3205_T.fasta	98.4038	1517	1749
FTRS_U7805.fasta	Psyr_DSM_10604_T.fasta	89.5187	1470	1749
FTRS_U7805.fasta	Psyr_ICMP_3023_T.fasta	89.4854	1440	1749
FTRS_U7805.fasta	Psyr_KCTC_12500_T.fasta	89.4581	1487	1749
FTRS_U8017.fasta	Pam_ICMP_3918_T.fasta	98.4255	1471	1685
FTRS_U8017.fasta	Pam_CFBP_3205_T.fasta	98.3988	1468	1685
FTRS_U8017.fasta	Psyr_DSM_10604_T.fasta	89.3877	1417	1685
FTRS_U8017.fasta	Psyr_ICMP_3023_T.fasta	89.3562	1387	1685
FTRS_U8017.fasta	Psyr_KCTC_12500_T.fasta	89.2665	1451	1685
HRI-W_5261.fasta	Pam_CFBP_3205_T.fasta	87.9924	1488	2043
HRI-W_5261.fasta	Pam_ICMP_3918_T.fasta	87.9579	1503	2043
HRI-W_5261.fasta	Psyr_KCTC_12500_T.fasta	87.051	1546	2043
HRI-W_5261.fasta	Psyr_ICMP_3023_T.fasta	87.0178	1483	2043
HRI-W_5261.fasta	Psyr_DSM_10604_T.fasta	86.9729	1518	2043
HRI-W_5269.fasta	Pam_CFBP_3205_T.fasta	98.7816	1636	1999
HRI-W_5269.fasta	Pam_ICMP_3918_T.fasta	98.7165	1646	1999
HRI-W_5269.fasta	Psyr_DSM_10604_T.fasta	89.2802	1576	1999
HRI-W_5269.fasta	Psyr_ICMP_3023_T.fasta	89.247	1554	1999
HRI-W_5269.fasta	Psyr_KCTC_12500_T.fasta	89.2355	1616	1999
ICMP_3676.fasta	Pam_CFBP_3205_T.fasta	98.6256	1647	2070
ICMP_3676.fasta	Pam_ICMP_3918_T.fasta	98.5932	1658	2070
ICMP_3676.fasta	Psyr_DSM_10604_T.fasta	89.1979	1590	2070
ICMP_3676.fasta	Psyr_KCTC_12500_T.fasta	89.1929	1645	2070
ICMP_3676.fasta	Psyr_ICMP_3023_T.fasta	89.164	1560	2070
ICMP_3897.fasta	Pam_CFBP_3205_T.fasta	98.7347	1605	1918
ICMP_3897.fasta	Pam_ICMP_3918_T.fasta	98.6805	1625	1918
ICMP_3897.fasta	Psyr_DSM_10604_T.fasta	89.3478	1533	1918
ICMP_3897.fasta	Psyr_ICMP_3023_T.fasta	89.3103	1520	1918
ICMP_3897.fasta	Psyr_KCTC_12500_T.fasta	89.2437	1581	1918
ICMP_4983.fasta	Pam_CFBP_3205_T.fasta	98.8029	1569	1863
ICMP_4983.fasta	Pam_ICMP_3918_T.fasta	98.7575	1587	1863
ICMP_4983.fasta	Psyr_DSM_10604_T.fasta	89.2779	1510	1863
ICMP_4983.fasta	Psyr_ICMP_3023_T.fasta	89.2696	1471	1863
ICMP_4983.fasta	Psyr_KCTC_12500_T.fasta	89.2342	1552	1863
ICMP_568.fasta	Pam_CFBP_3205_T.fasta	98.8015	1604	1919
ICMP_568.fasta	Pam_ICMP_3918_T.fasta	98.7788	1612	1919
ICMP_568.fasta	Psyr_KCTC_12500_T.fasta	89.2853	1576	1919
ICMP_568.fasta	Psyr_DSM_10604_T.fasta	89.2822	1540	1919
ICMP_568.fasta	Psyr_ICMP_3023_T.fasta	89.2653	1515	1919
M302280.fasta	Pam_CFBP_3205_T.fasta	87.9417	1450	1935
M302280.fasta	Pam_ICMP_3918_T.fasta	87.9274	1456	1935
M302280.fasta	Psyr_ICMP_3023_T.fasta	86.9063	1472	1935
M302280.fasta	Psyr_KCTC_12500_T.fasta	86.887	1524	1935
M302280.fasta	Psyr_DSM_10604_T.fasta	86.8688	1507	1935
NZIPFR-PS6.fasta	Pam_CFBP_3205_T.fasta	98.793	1636	2040
NZIPFR-PS6.fasta	Pam_ICMP_3918_T.fasta	98.7203	1643	2040
NZIPFR-PS6.fasta	Psyr_ICMP_3023_T.fasta	89.2817	1546	2040
NZIPFR-PS6.fasta	Psyr_DSM_10604_T.fasta	89.2668	1579	2040
NZIPFR-PS6.fasta	Psyr_KCTC_12500_T.fasta	89.2138	1615	2040
Pam_CFBP_3205_T.fasta	Pam_CFBP_3205_T.fasta	100	1731	1742
Pam_CFBP_3205_T.fasta	Pam_ICMP_3918_T.fasta	99.9242	1657	1742
Pam_CFBP_3205_T.fasta	Psyr_KCTC_12500_T.fasta	89.3565	1501	1742
Pam_CFBP_3205_T.fasta	Psyr_DSM_10604_T.fasta	89.3505	1473	1742
Pam_CFBP_3205_T.fasta	Psyr_ICMP_3023_T.fasta	89.2744	1450	1742
Pam_ICMP_3918_T.fasta	Pam_ICMP_3918_T.fasta	100	1731	1751
Pam_ICMP_3918_T.fasta	Pam_CFBP_3205_T.fasta	99.9212	1678	1751
Pam_ICMP_3918_T.fasta	Psyr_KCTC_12500_T.fasta	89.3144	1517	1751
Pam_ICMP_3918_T.fasta	Psyr_DSM_10604_T.fasta	89.3	1494	1751
Pam_ICMP_3918_T.fasta	Psyr_ICMP_3023_T.fasta	89.2577	1453	1751
Psyr_DSM_10604_T.fasta	Psyr_DSM_10604_T.fasta	100	1979	1982
Psyr_DSM_10604_T.fasta	Psyr_KCTC_12500_T.fasta	99.9986	1982	1982
Psyr_DSM_10604_T.fasta	Psyr_ICMP_3023_T.fasta	99.9651	1911	1982
Psyr_DSM_10604_T.fasta	Pam_ICMP_3918_T.fasta	89.3743	1458	1982
Psyr_DSM_10604_T.fasta	Pam_CFBP_3205_T.fasta	89.3449	1463	1982
Psyr_ICMP_3023_T.fasta	Psyr_ICMP_3023_T.fasta	100	1931	1941
Psyr_ICMP_3023_T.fasta	Psyr_KCTC_12500_T.fasta	99.9971	1941	1941
Psyr_ICMP_3023_T.fasta	Psyr_DSM_10604_T.fasta	99.9862	1923	1941
Psyr_ICMP_3023_T.fasta	Pam_ICMP_3918_T.fasta	89.4062	1424	1941
Psyr_ICMP_3023_T.fasta	Pam_CFBP_3205_T.fasta	89.3795	1431	1941
Psyr_KCTC_12500_T.fasta	Psyr_KCTC_12500_T.fasta	100	2047	2049
Psyr_KCTC_12500_T.fasta	Psyr_DSM_10604_T.fasta	99.9631	1979	2049
Psyr_KCTC_12500_T.fasta	Psyr_ICMP_3023_T.fasta	99.9275	1933	2049
Psyr_KCTC_12500_T.fasta	Pam_CFBP_3205_T.fasta	89.3778	1501	2049
Psyr_KCTC_12500_T.fasta	Pam_ICMP_3918_T.fasta	89.36	1492	2049
R15244.fasta	Pam_CFBP_3205_T.fasta	98.7447	1646	2147
R15244.fasta	Pam_ICMP_3918_T.fasta	98.6801	1661	2147
R15244.fasta	Psyr_DSM_10604_T.fasta	89.294	1599	2147
R15244.fasta	Psyr_ICMP_3023_T.fasta	89.2682	1571	2147
R15244.fasta	Psyr_KCTC_12500_T.fasta	89.2678	1638	2147
R15300.fasta	Pam_CFBP_3205_T.fasta	98.6366	1651	2213
R15300.fasta	Pam_ICMP_3918_T.fasta	98.6199	1674	2213
R15300.fasta	Psyr_DSM_10604_T.fasta	89.2195	1598	2213
R15300.fasta	Psyr_KCTC_12500_T.fasta	89.1661	1656	2213
R15300.fasta	Psyr_ICMP_3023_T.fasta	89.1581	1579	2213
R19326.fasta	Pam_CFBP_3205_T.fasta	98.7246	1638	2017
R19326.fasta	Pam_ICMP_3918_T.fasta	98.6947	1654	2017
R19326.fasta	Psyr_ICMP_3023_T.fasta	89.27	1556	2017
R19326.fasta	Psyr_DSM_10604_T.fasta	89.2548	1600	2017
R19326.fasta	Psyr_KCTC_12500_T.fasta	89.2484	1622	2017
R19629.fasta	Pam_CFBP_3205_T.fasta	98.7459	1639	2019
R19629.fasta	Pam_ICMP_3918_T.fasta	98.7103	1653	2019
R19629.fasta	Psyr_ICMP_3023_T.fasta	89.2631	1558	2019
R19629.fasta	Psyr_DSM_10604_T.fasta	89.2539	1599	2019
R19629.fasta	Psyr_KCTC_12500_T.fasta	89.2495	1620	2019
R19646.fasta	Pam_CFBP_3205_T.fasta	98.7779	1638	2022
R19646.fasta	Pam_ICMP_3918_T.fasta	98.7122	1649	2022
R19646.fasta	Psyr_DSM_10604_T.fasta	89.2567	1592	2022
R19646.fasta	Psyr_ICMP_3023_T.fasta	89.2551	1557	2022
R19646.fasta	Psyr_KCTC_12500_T.fasta	89.237	1631	2022
R19657.fasta	Pam_CFBP_3205_T.fasta	98.7152	1641	2022
R19657.fasta	Pam_ICMP_3918_T.fasta	98.6896	1653	2022
R19657.fasta	Psyr_ICMP_3023_T.fasta	89.2629	1557	2022
R19657.fasta	Psyr_KCTC_12500_T.fasta	89.2382	1620	2022
R19657.fasta	Psyr_DSM_10604_T.fasta	89.2377	1601	2022
S1_Pam.fasta	Pam_CFBP_3205_T.fasta	98.735	1639	2016
S1_Pam.fasta	Pam_ICMP_3918_T.fasta	98.7109	1649	2016
S1_Pam.fasta	Psyr_DSM_10604_T.fasta	89.2723	1567	2016
S1_Pam.fasta	Psyr_ICMP_3023_T.fasta	89.2486	1545	2016
S1_Pam.fasta	Psyr_KCTC_12500_T.fasta	89.2274	1613	2016
S2_Pam.fasta	Pam_CFBP_3205_T.fasta	98.7417	1636	2020
S2_Pam.fasta	Pam_ICMP_3918_T.fasta	98.7075	1652	2020
S2_Pam.fasta	Psyr_DSM_10604_T.fasta	89.3055	1582	2020
S2_Pam.fasta	Psyr_ICMP_3023_T.fasta	89.2736	1550	2020
S2_Pam.fasta	Psyr_KCTC_12500_T.fasta	89.2433	1622	2020
ena-yuan-GCF_001294215.1.fasta	Pam_ICMP_3918_T.fasta	98.4129	1514	1749
ena-yuan-GCF_001294215.1.fasta	Pam_CFBP_3205_T.fasta	98.4038	1517	1749
ena-yuan-GCF_001294215.1.fasta	Psyr_DSM_10604_T.fasta	89.5187	1470	1749
ena-yuan-GCF_001294215.1.fasta	Psyr_ICMP_3023_T.fasta	89.4854	1440	1749
ena-yuan-GCF_001294215.1.fasta	Psyr_KCTC_12500_T.fasta	89.4581	1487	1749
