GCA_000145745.1_ASM14574v1_genomic.fna	Pa_JCM_11937.fasta	97.4498	1606	1935
GCA_000507185.2_PSs_v03_genomic.fna	Pa_JCM_11937.fasta	86.9347	1453	2049
GCA_000597765.1_PSSRIMT-15J14_genomic.fna	Pa_JCM_11937.fasta	86.9477	1438	1982
GCA_000935645.1_PSAVPseNe107-G1_genomic.fna	Pa_JCM_11937.fasta	88.0003	1405	1742
GCA_001294215.1_PmpFTRS_U7805_genomic.fna	Pa_JCM_11937.fasta	88.0304	1402	1749
GCA_001401075.1_PsyICMP3023_genomic.fna	Pa_JCM_11937.fasta	86.8998	1413	1941
GCA_001535735.1_ASM153573v1_genomic.fna	Pa_JCM_11937.fasta	88.0152	1534	2012
GCA_001535755.1_ASM153575v1_genomic.fna	Pa_JCM_11937.fasta	97.3891	1651	2043
GCA_001535785.1_ASM153578v1_genomic.fna	Pa_JCM_11937.fasta	87.9928	1542	1999
GCA_002699855.1_ASM269985v1_genomic.fna	Pa_JCM_11937.fasta	87.9443	1409	1751
GCA_002736925.1_ASM273692v1_genomic.fna	Pa_JCM_11937.fasta	87.9736	1532	2040
GCA_002905685.2_ASM290568v2_genomic.fna	Pa_JCM_11937.fasta	87.9647	1551	2147
GCA_002905735.1_ASM290573v1_genomic.fna	Pa_JCM_11937.fasta	87.9502	1542	2022
GCA_002905755.1_ASM290575v1_genomic.fna	Pa_JCM_11937.fasta	88.0177	1549	2022
GCA_002905875.2_ASM290587v2_genomic.fna	Pa_JCM_11937.fasta	87.9663	1575	2213
GCA_002905895.1_ASM290589v1_genomic.fna	Pa_JCM_11937.fasta	87.9806	1555	2017
GCA_002905915.1_ASM290591v1_genomic.fna	Pa_JCM_11937.fasta	87.9828	1552	2019
GCA_002916305.1_7968A_genomic.fna	Pa_JCM_11937.fasta	97.3967	1646	2047
GCA_002916395.1_5270_genomic.fna	Pa_JCM_11937.fasta	88.0237	1536	2009
GCA_002939205.1_ASM293920v1_genomic.fna	Pa_JCM_11937.fasta	87.9703	1389	1804
GCA_002939225.1_ASM293922v1_genomic.fna	Pa_JCM_11937.fasta	88.0526	1354	1685
GCA_002939245.1_ASM293924v1_genomic.fna	Pa_JCM_11937.fasta	87.9209	1412	1818
GCA_003698945.1_ASM369894v1_genomic.fna	Pa_JCM_11937.fasta	97.4316	1594	1893
GCA_003700095.1_ASM370009v1_genomic.fna	Pa_JCM_11937.fasta	87.938	1484	1918
GCA_003700615.1_ASM370061v1_genomic.fna	Pa_JCM_11937.fasta	87.9625	1494	1919
GCA_003702205.1_ASM370220v1_genomic.fna	Pa_JCM_11937.fasta	87.8419	1464	1863
GCA_014653325.1_ASM1465332v1_genomic.fna	Pa_JCM_11937.fasta	87.8671	1527	2070
GCA_031935445.1_ASM3193544v1_genomic.fna	Pa_JCM_11937.fasta	87.9691	1530	2020
GCA_031935485.1_ASM3193548v1_genomic.fna	Pa_JCM_11937.fasta	87.98	1529	1989
GCA_031935505.1_ASM3193550v1_genomic.fna	Pa_JCM_11937.fasta	88.0108	1520	2016
GCA_963870605.1_ena-yuan-GCF_001294215.1_genomic.fna	Pa_JCM_11937.fasta	88.0304	1402	1749
