GCA_000145745.1_ASM14574v1_genomic.fna	Psyr_ICMP_3023_T.fasta	86.9063	1472	1935
GCA_000507185.2_PSs_v03_genomic.fna	Psyr_ICMP_3023_T.fasta	99.9275	1933	2049
GCA_000597765.1_PSSRIMT-15J14_genomic.fna	Psyr_ICMP_3023_T.fasta	99.9651	1911	1982
GCA_000935645.1_PSAVPseNe107-G1_genomic.fna	Psyr_ICMP_3023_T.fasta	89.2744	1450	1742
GCA_001294215.1_PmpFTRS_U7805_genomic.fna	Psyr_ICMP_3023_T.fasta	89.4854	1440	1749
GCA_001401075.1_PsyICMP3023_genomic.fna	Psyr_ICMP_3023_T.fasta	100	1931	1941
GCA_001535735.1_ASM153573v1_genomic.fna	Psyr_ICMP_3023_T.fasta	89.2924	1541	2012
GCA_001535755.1_ASM153575v1_genomic.fna	Psyr_ICMP_3023_T.fasta	87.0178	1483	2043
GCA_001535785.1_ASM153578v1_genomic.fna	Psyr_ICMP_3023_T.fasta	89.247	1554	1999
GCA_002699855.1_ASM269985v1_genomic.fna	Psyr_ICMP_3023_T.fasta	89.2577	1453	1751
GCA_002736925.1_ASM273692v1_genomic.fna	Psyr_ICMP_3023_T.fasta	89.2817	1546	2040
GCA_002905685.2_ASM290568v2_genomic.fna	Psyr_ICMP_3023_T.fasta	89.2682	1571	2147
GCA_002905735.1_ASM290573v1_genomic.fna	Psyr_ICMP_3023_T.fasta	89.2551	1557	2022
GCA_002905755.1_ASM290575v1_genomic.fna	Psyr_ICMP_3023_T.fasta	89.2629	1557	2022
GCA_002905875.2_ASM290587v2_genomic.fna	Psyr_ICMP_3023_T.fasta	89.1581	1579	2213
GCA_002905895.1_ASM290589v1_genomic.fna	Psyr_ICMP_3023_T.fasta	89.27	1556	2017
GCA_002905915.1_ASM290591v1_genomic.fna	Psyr_ICMP_3023_T.fasta	89.2631	1558	2019
GCA_002916305.1_7968A_genomic.fna	Psyr_ICMP_3023_T.fasta	86.8766	1486	2047
GCA_002916395.1_5270_genomic.fna	Psyr_ICMP_3023_T.fasta	89.2772	1552	2009
GCA_002939205.1_ASM293920v1_genomic.fna	Psyr_ICMP_3023_T.fasta	89.2234	1428	1804
GCA_002939225.1_ASM293922v1_genomic.fna	Psyr_ICMP_3023_T.fasta	89.3562	1387	1685
GCA_002939245.1_ASM293924v1_genomic.fna	Psyr_ICMP_3023_T.fasta	89.2066	1442	1818
GCA_003698945.1_ASM369894v1_genomic.fna	Psyr_ICMP_3023_T.fasta	86.94	1455	1893
GCA_003700095.1_ASM370009v1_genomic.fna	Psyr_ICMP_3023_T.fasta	89.3103	1520	1918
GCA_003700615.1_ASM370061v1_genomic.fna	Psyr_ICMP_3023_T.fasta	89.2653	1515	1919
GCA_003702205.1_ASM370220v1_genomic.fna	Psyr_ICMP_3023_T.fasta	89.2696	1471	1863
GCA_014653325.1_ASM1465332v1_genomic.fna	Psyr_ICMP_3023_T.fasta	89.164	1560	2070
GCA_031935445.1_ASM3193544v1_genomic.fna	Psyr_ICMP_3023_T.fasta	89.2736	1550	2020
GCA_031935485.1_ASM3193548v1_genomic.fna	Psyr_ICMP_3023_T.fasta	89.2423	1554	1989
GCA_031935505.1_ASM3193550v1_genomic.fna	Psyr_ICMP_3023_T.fasta	89.2486	1545	2016
GCA_963870605.1_ena-yuan-GCF_001294215.1_genomic.fna	Psyr_ICMP_3023_T.fasta	89.4854	1440	1749
