X._arboricola_CFBP_2528_T.fasta	X._arboricola_CFBP_2528_T.fasta	100	1690	1691
X._arboricola_CFBP_2528_T.fasta	corylina_NCPPB_935.fasta	97.6677	1572	1691
X._arboricola_CFBP_2528_T.fasta	pruni_NCPPB_416.fasta	97.2936	1533	1691
X._arboricola_CFBP_2528_T.fasta	hydrangeae_NCPPB_4692.fasta	90.5873	1434	1691
X._arboricola_CFBP_2528_T.fasta	X._hydrangeae_LMG_31884_T.fasta	90.564	1438	1691
X._arboricola_CFBP_2528_T.fasta	poinsettiicola_NCPPB_1939.fasta	87.7088	1338	1691
X._arboricola_CFBP_2528_T.fasta	X._codiaei_X203.fasta	87.7086	1279	1691
X._arboricola_CFBP_2528_T.fasta	X._codiaei_NCPPB_4406.fasta	87.6322	1286	1691
X._arboricola_CFBP_2528_T.fasta	X._codiaei_NCPPB_4350.fasta	87.5874	1242	1691
X._arboricola_CFBP_2528_T.fasta	X._codiaei_CFBP4690.fasta	87.576	1323	1691
X._arboricola_CFBP_2528_T.fasta	poinsettiicola_NCPPB_581.fasta	87.5405	1353	1691
X._arboricola_CFBP_2528_T.fasta	X._citri_LMG_9322_T.fasta	87.4783	1292	1691
X._arboricola_CFBP_2528_T.fasta	fici_NCPPB_3887.fasta	87.4772	1366	1691
X._arboricola_CFBP_2528_T.fasta	fici_NCPPB_2372.fasta	87.4726	1336	1691
X._arboricola_CFBP_2528_T.fasta	fici_NCPPB_3886.fasta	87.4706	1354	1691
X._arboricola_CFBP_2528_T.fasta	fici_NCPPB_3797.fasta	87.4586	1373	1691
X._arboricola_CFBP_2528_T.fasta	fici_NCPPB_3796.fasta	87.4585	1372	1691
X._arboricola_CFBP_2528_T.fasta	fici_NCPPB_3795.fasta	87.4333	1357	1691
X._arboricola_CFBP_2528_T.fasta	poinsettiicola_NCPPB_3948.fasta	87.4331	1338	1691
X._arboricola_CFBP_2528_T.fasta	X._euvesicatoria_pv._euvesicatoria_LMG_27970_T.fasta	87.3701	990	1691
X._arboricola_CFBP_2528_T.fasta	X._phaseoli_ATCC_49119_T.fasta	87.2742	1357	1691
X._arboricola_CFBP_2528_T.fasta	X._axonopodis_LMG_982_T.fasta	86.9189	943	1691
X._axonopodis_LMG_982_T.fasta	X._axonopodis_LMG_982_T.fasta	100	1062	1081
X._axonopodis_LMG_982_T.fasta	X._phaseoli_ATCC_49119_T.fasta	93.6276	1015	1081
X._axonopodis_LMG_982_T.fasta	poinsettiicola_NCPPB_581.fasta	93.5045	1015	1081
X._axonopodis_LMG_982_T.fasta	poinsettiicola_NCPPB_3948.fasta	93.4776	1011	1081
X._axonopodis_LMG_982_T.fasta	fici_NCPPB_3796.fasta	93.4663	1017	1081
X._axonopodis_LMG_982_T.fasta	fici_NCPPB_3797.fasta	93.4637	1014	1081
X._axonopodis_LMG_982_T.fasta	fici_NCPPB_3795.fasta	93.4337	1017	1081
X._axonopodis_LMG_982_T.fasta	fici_NCPPB_2372.fasta	93.3899	1009	1081
X._axonopodis_LMG_982_T.fasta	fici_NCPPB_3887.fasta	93.3753	1021	1081
X._axonopodis_LMG_982_T.fasta	fici_NCPPB_3886.fasta	93.3619	1019	1081
X._axonopodis_LMG_982_T.fasta	X._citri_LMG_9322_T.fasta	93.303	981	1081
X._axonopodis_LMG_982_T.fasta	X._euvesicatoria_pv._euvesicatoria_LMG_27970_T.fasta	92.8593	804	1081
X._axonopodis_LMG_982_T.fasta	X._arboricola_CFBP_2528_T.fasta	87.023	951	1081
X._axonopodis_LMG_982_T.fasta	pruni_NCPPB_416.fasta	87.019	971	1081
X._axonopodis_LMG_982_T.fasta	corylina_NCPPB_935.fasta	87.0139	963	1081
X._axonopodis_LMG_982_T.fasta	hydrangeae_NCPPB_4692.fasta	86.6108	955	1081
X._axonopodis_LMG_982_T.fasta	X._codiaei_NCPPB_4406.fasta	86.5826	913	1081
X._axonopodis_LMG_982_T.fasta	X._hydrangeae_LMG_31884_T.fasta	86.5803	961	1081
X._axonopodis_LMG_982_T.fasta	X._codiaei_X203.fasta	86.5568	929	1081
X._axonopodis_LMG_982_T.fasta	poinsettiicola_NCPPB_1939.fasta	86.5489	954	1081
X._axonopodis_LMG_982_T.fasta	X._codiaei_CFBP4690.fasta	86.5307	942	1081
X._axonopodis_LMG_982_T.fasta	X._codiaei_NCPPB_4350.fasta	86.4932	883	1081
X._citri_LMG_9322_T.fasta	X._citri_LMG_9322_T.fasta	100	1622	1629
X._citri_LMG_9322_T.fasta	poinsettiicola_NCPPB_581.fasta	94.455	1405	1629
X._citri_LMG_9322_T.fasta	fici_NCPPB_3796.fasta	94.4038	1421	1629
X._citri_LMG_9322_T.fasta	fici_NCPPB_3797.fasta	94.4038	1420	1629
X._citri_LMG_9322_T.fasta	fici_NCPPB_2372.fasta	94.3961	1410	1629
X._citri_LMG_9322_T.fasta	fici_NCPPB_3886.fasta	94.3631	1439	1629
X._citri_LMG_9322_T.fasta	fici_NCPPB_3887.fasta	94.3605	1440	1629
X._citri_LMG_9322_T.fasta	fici_NCPPB_3795.fasta	94.3514	1433	1629
X._citri_LMG_9322_T.fasta	poinsettiicola_NCPPB_3948.fasta	94.2754	1426	1629
X._citri_LMG_9322_T.fasta	X._euvesicatoria_pv._euvesicatoria_LMG_27970_T.fasta	93.9616	1024	1629
X._citri_LMG_9322_T.fasta	X._phaseoli_ATCC_49119_T.fasta	93.6492	1436	1629
X._citri_LMG_9322_T.fasta	X._axonopodis_LMG_982_T.fasta	93.0757	945	1629
X._citri_LMG_9322_T.fasta	corylina_NCPPB_935.fasta	87.5233	1310	1629
X._citri_LMG_9322_T.fasta	X._arboricola_CFBP_2528_T.fasta	87.4456	1293	1629
X._citri_LMG_9322_T.fasta	pruni_NCPPB_416.fasta	87.4373	1328	1629
X._citri_LMG_9322_T.fasta	hydrangeae_NCPPB_4692.fasta	86.9195	1302	1629
X._citri_LMG_9322_T.fasta	X._hydrangeae_LMG_31884_T.fasta	86.8616	1297	1629
X._citri_LMG_9322_T.fasta	X._codiaei_X203.fasta	86.792	1251	1629
X._citri_LMG_9322_T.fasta	X._codiaei_NCPPB_4350.fasta	86.7835	1201	1629
X._citri_LMG_9322_T.fasta	X._codiaei_CFBP4690.fasta	86.7761	1292	1629
X._citri_LMG_9322_T.fasta	X._codiaei_NCPPB_4406.fasta	86.7683	1265	1629
X._citri_LMG_9322_T.fasta	poinsettiicola_NCPPB_1939.fasta	86.7678	1325	1629
X._codiaei_CFBP4690.fasta	X._codiaei_CFBP4690.fasta	100	1637	1638
X._codiaei_CFBP4690.fasta	X._codiaei_NCPPB_4406.fasta	99.9749	1555	1638
X._codiaei_CFBP4690.fasta	X._codiaei_NCPPB_4350.fasta	99.8842	1488	1638
X._codiaei_CFBP4690.fasta	poinsettiicola_NCPPB_1939.fasta	97.4408	1548	1638
X._codiaei_CFBP4690.fasta	X._codiaei_X203.fasta	97.4333	1458	1638
X._codiaei_CFBP4690.fasta	corylina_NCPPB_935.fasta	87.7127	1321	1638
X._codiaei_CFBP4690.fasta	pruni_NCPPB_416.fasta	87.6257	1339	1638
X._codiaei_CFBP4690.fasta	X._arboricola_CFBP_2528_T.fasta	87.5663	1310	1638
X._codiaei_CFBP4690.fasta	fici_NCPPB_2372.fasta	87.1512	1325	1638
X._codiaei_CFBP4690.fasta	poinsettiicola_NCPPB_3948.fasta	87.149	1325	1638
X._codiaei_CFBP4690.fasta	fici_NCPPB_3795.fasta	87.097	1359	1638
X._codiaei_CFBP4690.fasta	fici_NCPPB_3796.fasta	87.0793	1359	1638
X._codiaei_CFBP4690.fasta	fici_NCPPB_3797.fasta	87.0768	1357	1638
X._codiaei_CFBP4690.fasta	poinsettiicola_NCPPB_581.fasta	87.0559	1344	1638
X._codiaei_CFBP4690.fasta	X._phaseoli_ATCC_49119_T.fasta	87.0547	1350	1638
X._codiaei_CFBP4690.fasta	fici_NCPPB_3886.fasta	87.0219	1335	1638
X._codiaei_CFBP4690.fasta	fici_NCPPB_3887.fasta	87.0161	1346	1638
X._codiaei_CFBP4690.fasta	X._hydrangeae_LMG_31884_T.fasta	86.9995	1329	1638
X._codiaei_CFBP4690.fasta	hydrangeae_NCPPB_4692.fasta	86.9704	1331	1638
X._codiaei_CFBP4690.fasta	X._euvesicatoria_pv._euvesicatoria_LMG_27970_T.fasta	86.8862	971	1638
X._codiaei_CFBP4690.fasta	X._citri_LMG_9322_T.fasta	86.8843	1285	1638
X._codiaei_CFBP4690.fasta	X._axonopodis_LMG_982_T.fasta	86.4586	920	1638
X._codiaei_NCPPB_4350.fasta	X._codiaei_NCPPB_4350.fasta	100	1503	1519
X._codiaei_NCPPB_4350.fasta	X._codiaei_CFBP4690.fasta	99.9915	1516	1519
X._codiaei_NCPPB_4350.fasta	X._codiaei_NCPPB_4406.fasta	99.9592	1469	1519
X._codiaei_NCPPB_4350.fasta	X._codiaei_X203.fasta	97.493	1364	1519
X._codiaei_NCPPB_4350.fasta	poinsettiicola_NCPPB_1939.fasta	97.4914	1434	1519
X._codiaei_NCPPB_4350.fasta	corylina_NCPPB_935.fasta	87.7203	1248	1519
X._codiaei_NCPPB_4350.fasta	pruni_NCPPB_416.fasta	87.6269	1261	1519
X._codiaei_NCPPB_4350.fasta	X._arboricola_CFBP_2528_T.fasta	87.5837	1225	1519
X._codiaei_NCPPB_4350.fasta	fici_NCPPB_2372.fasta	87.2008	1238	1519
X._codiaei_NCPPB_4350.fasta	X._phaseoli_ATCC_49119_T.fasta	87.1935	1248	1519
X._codiaei_NCPPB_4350.fasta	fici_NCPPB_3795.fasta	87.148	1264	1519
X._codiaei_NCPPB_4350.fasta	poinsettiicola_NCPPB_3948.fasta	87.1456	1261	1519
X._codiaei_NCPPB_4350.fasta	poinsettiicola_NCPPB_581.fasta	87.1256	1265	1519
X._codiaei_NCPPB_4350.fasta	fici_NCPPB_3796.fasta	87.1012	1275	1519
X._codiaei_NCPPB_4350.fasta	fici_NCPPB_3797.fasta	87.0972	1275	1519
X._codiaei_NCPPB_4350.fasta	fici_NCPPB_3886.fasta	87.0769	1255	1519
X._codiaei_NCPPB_4350.fasta	fici_NCPPB_3887.fasta	87.0751	1257	1519
X._codiaei_NCPPB_4350.fasta	X._hydrangeae_LMG_31884_T.fasta	87.0161	1229	1519
X._codiaei_NCPPB_4350.fasta	hydrangeae_NCPPB_4692.fasta	86.9625	1242	1519
X._codiaei_NCPPB_4350.fasta	X._citri_LMG_9322_T.fasta	86.8905	1215	1519
X._codiaei_NCPPB_4350.fasta	X._euvesicatoria_pv._euvesicatoria_LMG_27970_T.fasta	86.8189	934	1519
X._codiaei_NCPPB_4350.fasta	X._axonopodis_LMG_982_T.fasta	86.3718	895	1519
X._codiaei_NCPPB_4406.fasta	X._codiaei_NCPPB_4406.fasta	100	1578	1583
X._codiaei_NCPPB_4406.fasta	X._codiaei_CFBP4690.fasta	99.9945	1578	1583
X._codiaei_NCPPB_4406.fasta	X._codiaei_NCPPB_4350.fasta	99.8867	1448	1583
X._codiaei_NCPPB_4406.fasta	X._codiaei_X203.fasta	97.5055	1414	1583
X._codiaei_NCPPB_4406.fasta	poinsettiicola_NCPPB_1939.fasta	97.4663	1505	1583
X._codiaei_NCPPB_4406.fasta	corylina_NCPPB_935.fasta	87.6845	1299	1583
X._codiaei_NCPPB_4406.fasta	X._arboricola_CFBP_2528_T.fasta	87.6699	1277	1583
X._codiaei_NCPPB_4406.fasta	pruni_NCPPB_416.fasta	87.6393	1310	1583
X._codiaei_NCPPB_4406.fasta	fici_NCPPB_3795.fasta	87.1484	1314	1583
X._codiaei_NCPPB_4406.fasta	poinsettiicola_NCPPB_581.fasta	87.1195	1296	1583
X._codiaei_NCPPB_4406.fasta	poinsettiicola_NCPPB_3948.fasta	87.1186	1301	1583
X._codiaei_NCPPB_4406.fasta	fici_NCPPB_2372.fasta	87.1126	1302	1583
X._codiaei_NCPPB_4406.fasta	X._phaseoli_ATCC_49119_T.fasta	87.1048	1312	1583
X._codiaei_NCPPB_4406.fasta	fici_NCPPB_3886.fasta	87.0892	1293	1583
X._codiaei_NCPPB_4406.fasta	fici_NCPPB_3887.fasta	87.0717	1302	1583
X._codiaei_NCPPB_4406.fasta	fici_NCPPB_3797.fasta	87.0422	1341	1583
X._codiaei_NCPPB_4406.fasta	fici_NCPPB_3796.fasta	87.0412	1341	1583
X._codiaei_NCPPB_4406.fasta	X._hydrangeae_LMG_31884_T.fasta	87.0176	1285	1583
X._codiaei_NCPPB_4406.fasta	hydrangeae_NCPPB_4692.fasta	87.0057	1286	1583
X._codiaei_NCPPB_4406.fasta	X._citri_LMG_9322_T.fasta	86.7747	1273	1583
X._codiaei_NCPPB_4406.fasta	X._euvesicatoria_pv._euvesicatoria_LMG_27970_T.fasta	86.7667	954	1583
X._codiaei_NCPPB_4406.fasta	X._axonopodis_LMG_982_T.fasta	86.3603	903	1583
X._codiaei_X203.fasta	X._codiaei_X203.fasta	100	1658	1669
X._codiaei_X203.fasta	poinsettiicola_NCPPB_1939.fasta	99.9957	1667	1669
X._codiaei_X203.fasta	X._codiaei_CFBP4690.fasta	97.5488	1465	1669
X._codiaei_X203.fasta	X._codiaei_NCPPB_4406.fasta	97.5162	1417	1669
X._codiaei_X203.fasta	X._codiaei_NCPPB_4350.fasta	97.4125	1353	1669
X._codiaei_X203.fasta	corylina_NCPPB_935.fasta	87.6896	1293	1669
X._codiaei_X203.fasta	X._arboricola_CFBP_2528_T.fasta	87.6739	1284	1669
X._codiaei_X203.fasta	pruni_NCPPB_416.fasta	87.5913	1307	1669
X._codiaei_X203.fasta	fici_NCPPB_2372.fasta	87.1579	1305	1669
X._codiaei_X203.fasta	poinsettiicola_NCPPB_3948.fasta	87.1463	1320	1669
X._codiaei_X203.fasta	X._hydrangeae_LMG_31884_T.fasta	87.1313	1289	1669
X._codiaei_X203.fasta	X._phaseoli_ATCC_49119_T.fasta	87.12	1312	1669
X._codiaei_X203.fasta	fici_NCPPB_3886.fasta	87.1155	1307	1669
X._codiaei_X203.fasta	hydrangeae_NCPPB_4692.fasta	87.1126	1282	1669
X._codiaei_X203.fasta	fici_NCPPB_3795.fasta	87.0979	1329	1669
X._codiaei_X203.fasta	fici_NCPPB_3797.fasta	87.0853	1321	1669
X._codiaei_X203.fasta	fici_NCPPB_3796.fasta	87.0828	1324	1669
X._codiaei_X203.fasta	fici_NCPPB_3887.fasta	87.08	1314	1669
X._codiaei_X203.fasta	poinsettiicola_NCPPB_581.fasta	86.9733	1315	1669
X._codiaei_X203.fasta	X._euvesicatoria_pv._euvesicatoria_LMG_27970_T.fasta	86.8897	977	1669
X._codiaei_X203.fasta	X._citri_LMG_9322_T.fasta	86.8573	1247	1669
X._codiaei_X203.fasta	X._axonopodis_LMG_982_T.fasta	86.3332	910	1669
X._euvesicatoria_pv._euvesicatoria_LMG_27970_T.fasta	X._euvesicatoria_pv._euvesicatoria_LMG_27970_T.fasta	100	1172	1191
X._euvesicatoria_pv._euvesicatoria_LMG_27970_T.fasta	fici_NCPPB_3797.fasta	98.4674	1106	1191
X._euvesicatoria_pv._euvesicatoria_LMG_27970_T.fasta	fici_NCPPB_3796.fasta	98.4603	1109	1191
X._euvesicatoria_pv._euvesicatoria_LMG_27970_T.fasta	fici_NCPPB_3795.fasta	98.4055	1124	1191
X._euvesicatoria_pv._euvesicatoria_LMG_27970_T.fasta	fici_NCPPB_3886.fasta	98.3349	1106	1191
X._euvesicatoria_pv._euvesicatoria_LMG_27970_T.fasta	fici_NCPPB_2372.fasta	98.3204	1099	1191
X._euvesicatoria_pv._euvesicatoria_LMG_27970_T.fasta	poinsettiicola_NCPPB_3948.fasta	98.3186	1116	1191
X._euvesicatoria_pv._euvesicatoria_LMG_27970_T.fasta	fici_NCPPB_3887.fasta	98.3173	1105	1191
X._euvesicatoria_pv._euvesicatoria_LMG_27970_T.fasta	poinsettiicola_NCPPB_581.fasta	98.2676	1108	1191
X._euvesicatoria_pv._euvesicatoria_LMG_27970_T.fasta	X._citri_LMG_9322_T.fasta	94.1775	1055	1191
X._euvesicatoria_pv._euvesicatoria_LMG_27970_T.fasta	X._phaseoli_ATCC_49119_T.fasta	93.9455	1089	1191
X._euvesicatoria_pv._euvesicatoria_LMG_27970_T.fasta	X._axonopodis_LMG_982_T.fasta	92.7598	810	1191
X._euvesicatoria_pv._euvesicatoria_LMG_27970_T.fasta	pruni_NCPPB_416.fasta	87.495	1022	1191
X._euvesicatoria_pv._euvesicatoria_LMG_27970_T.fasta	X._arboricola_CFBP_2528_T.fasta	87.3892	1001	1191
X._euvesicatoria_pv._euvesicatoria_LMG_27970_T.fasta	corylina_NCPPB_935.fasta	87.3348	1008	1191
X._euvesicatoria_pv._euvesicatoria_LMG_27970_T.fasta	X._hydrangeae_LMG_31884_T.fasta	86.9818	996	1191
X._euvesicatoria_pv._euvesicatoria_LMG_27970_T.fasta	poinsettiicola_NCPPB_1939.fasta	86.9667	1019	1191
X._euvesicatoria_pv._euvesicatoria_LMG_27970_T.fasta	hydrangeae_NCPPB_4692.fasta	86.9585	986	1191
X._euvesicatoria_pv._euvesicatoria_LMG_27970_T.fasta	X._codiaei_CFBP4690.fasta	86.9346	982	1191
X._euvesicatoria_pv._euvesicatoria_LMG_27970_T.fasta	X._codiaei_NCPPB_4406.fasta	86.9314	960	1191
X._euvesicatoria_pv._euvesicatoria_LMG_27970_T.fasta	X._codiaei_X203.fasta	86.9251	983	1191
X._euvesicatoria_pv._euvesicatoria_LMG_27970_T.fasta	X._codiaei_NCPPB_4350.fasta	86.7492	951	1191
X._hydrangeae_LMG_31884_T.fasta	X._hydrangeae_LMG_31884_T.fasta	100	1856	1857
X._hydrangeae_LMG_31884_T.fasta	hydrangeae_NCPPB_4692.fasta	99.9955	1855	1857
X._hydrangeae_LMG_31884_T.fasta	corylina_NCPPB_935.fasta	90.5804	1443	1857
X._hydrangeae_LMG_31884_T.fasta	X._arboricola_CFBP_2528_T.fasta	90.5663	1426	1857
X._hydrangeae_LMG_31884_T.fasta	pruni_NCPPB_416.fasta	90.5111	1489	1857
X._hydrangeae_LMG_31884_T.fasta	fici_NCPPB_3797.fasta	87.1899	1388	1857
X._hydrangeae_LMG_31884_T.fasta	fici_NCPPB_3796.fasta	87.182	1385	1857
X._hydrangeae_LMG_31884_T.fasta	fici_NCPPB_3795.fasta	87.1739	1366	1857
X._hydrangeae_LMG_31884_T.fasta	poinsettiicola_NCPPB_1939.fasta	87.1049	1359	1857
X._hydrangeae_LMG_31884_T.fasta	X._codiaei_NCPPB_4406.fasta	87.093	1291	1857
X._hydrangeae_LMG_31884_T.fasta	fici_NCPPB_3886.fasta	87.0792	1365	1857
X._hydrangeae_LMG_31884_T.fasta	fici_NCPPB_2372.fasta	87.0643	1329	1857
X._hydrangeae_LMG_31884_T.fasta	poinsettiicola_NCPPB_581.fasta	87.0547	1364	1857
X._hydrangeae_LMG_31884_T.fasta	X._codiaei_X203.fasta	87.0538	1295	1857
X._hydrangeae_LMG_31884_T.fasta	fici_NCPPB_3887.fasta	87.0503	1372	1857
X._hydrangeae_LMG_31884_T.fasta	X._codiaei_CFBP4690.fasta	87.0367	1317	1857
X._hydrangeae_LMG_31884_T.fasta	poinsettiicola_NCPPB_3948.fasta	86.9971	1346	1857
X._hydrangeae_LMG_31884_T.fasta	X._codiaei_NCPPB_4350.fasta	86.9719	1238	1857
X._hydrangeae_LMG_31884_T.fasta	X._citri_LMG_9322_T.fasta	86.8989	1311	1857
X._hydrangeae_LMG_31884_T.fasta	X._euvesicatoria_pv._euvesicatoria_LMG_27970_T.fasta	86.8493	983	1857
X._hydrangeae_LMG_31884_T.fasta	X._phaseoli_ATCC_49119_T.fasta	86.8326	1377	1857
X._hydrangeae_LMG_31884_T.fasta	X._axonopodis_LMG_982_T.fasta	86.565	932	1857
X._phaseoli_ATCC_49119_T.fasta	X._phaseoli_ATCC_49119_T.fasta	100	1766	1776
X._phaseoli_ATCC_49119_T.fasta	poinsettiicola_NCPPB_581.fasta	94.2332	1492	1776
X._phaseoli_ATCC_49119_T.fasta	fici_NCPPB_3796.fasta	94.1576	1508	1776
X._phaseoli_ATCC_49119_T.fasta	fici_NCPPB_3797.fasta	94.1558	1509	1776
X._phaseoli_ATCC_49119_T.fasta	fici_NCPPB_3795.fasta	94.1294	1519	1776
X._phaseoli_ATCC_49119_T.fasta	poinsettiicola_NCPPB_3948.fasta	94.111	1513	1776
X._phaseoli_ATCC_49119_T.fasta	fici_NCPPB_2372.fasta	94.0626	1511	1776
X._phaseoli_ATCC_49119_T.fasta	fici_NCPPB_3887.fasta	94.0439	1525	1776
X._phaseoli_ATCC_49119_T.fasta	fici_NCPPB_3886.fasta	94.0292	1520	1776
X._phaseoli_ATCC_49119_T.fasta	X._euvesicatoria_pv._euvesicatoria_LMG_27970_T.fasta	93.7496	1062	1776
X._phaseoli_ATCC_49119_T.fasta	X._citri_LMG_9322_T.fasta	93.7082	1417	1776
X._phaseoli_ATCC_49119_T.fasta	X._axonopodis_LMG_982_T.fasta	93.3313	1006	1776
X._phaseoli_ATCC_49119_T.fasta	pruni_NCPPB_416.fasta	87.4268	1371	1776
X._phaseoli_ATCC_49119_T.fasta	corylina_NCPPB_935.fasta	87.3969	1358	1776
X._phaseoli_ATCC_49119_T.fasta	X._arboricola_CFBP_2528_T.fasta	87.3653	1345	1776
X._phaseoli_ATCC_49119_T.fasta	poinsettiicola_NCPPB_1939.fasta	87.1054	1377	1776
X._phaseoli_ATCC_49119_T.fasta	X._codiaei_NCPPB_4350.fasta	87.0843	1247	1776
X._phaseoli_ATCC_49119_T.fasta	X._codiaei_NCPPB_4406.fasta	87.0823	1314	1776
X._phaseoli_ATCC_49119_T.fasta	X._codiaei_CFBP4690.fasta	87.07	1337	1776
X._phaseoli_ATCC_49119_T.fasta	X._codiaei_X203.fasta	87.0523	1307	1776
X._phaseoli_ATCC_49119_T.fasta	X._hydrangeae_LMG_31884_T.fasta	86.848	1351	1776
X._phaseoli_ATCC_49119_T.fasta	hydrangeae_NCPPB_4692.fasta	86.8218	1365	1776
corylina_NCPPB_935.fasta	corylina_NCPPB_935.fasta	100	1741	1742
corylina_NCPPB_935.fasta	pruni_NCPPB_416.fasta	98.7534	1581	1742
corylina_NCPPB_935.fasta	X._arboricola_CFBP_2528_T.fasta	97.6834	1563	1742
corylina_NCPPB_935.fasta	X._hydrangeae_LMG_31884_T.fasta	90.5371	1461	1742
corylina_NCPPB_935.fasta	hydrangeae_NCPPB_4692.fasta	90.5013	1465	1742
corylina_NCPPB_935.fasta	X._codiaei_NCPPB_4406.fasta	87.8646	1253	1742
corylina_NCPPB_935.fasta	X._codiaei_CFBP4690.fasta	87.7197	1318	1742
corylina_NCPPB_935.fasta	poinsettiicola_NCPPB_1939.fasta	87.6967	1345	1742
corylina_NCPPB_935.fasta	fici_NCPPB_3795.fasta	87.6704	1339	1742
corylina_NCPPB_935.fasta	poinsettiicola_NCPPB_581.fasta	87.6642	1338	1742
corylina_NCPPB_935.fasta	fici_NCPPB_2372.fasta	87.648	1355	1742
corylina_NCPPB_935.fasta	X._codiaei_NCPPB_4350.fasta	87.644	1233	1742
corylina_NCPPB_935.fasta	X._codiaei_X203.fasta	87.6214	1305	1742
corylina_NCPPB_935.fasta	X._citri_LMG_9322_T.fasta	87.5488	1310	1742
corylina_NCPPB_935.fasta	fici_NCPPB_3887.fasta	87.5413	1367	1742
corylina_NCPPB_935.fasta	fici_NCPPB_3886.fasta	87.5337	1364	1742
corylina_NCPPB_935.fasta	fici_NCPPB_3796.fasta	87.517	1357	1742
corylina_NCPPB_935.fasta	fici_NCPPB_3797.fasta	87.5003	1357	1742
corylina_NCPPB_935.fasta	poinsettiicola_NCPPB_3948.fasta	87.4971	1359	1742
corylina_NCPPB_935.fasta	X._phaseoli_ATCC_49119_T.fasta	87.4397	1350	1742
corylina_NCPPB_935.fasta	X._euvesicatoria_pv._euvesicatoria_LMG_27970_T.fasta	87.414	984	1742
corylina_NCPPB_935.fasta	X._axonopodis_LMG_982_T.fasta	87.0274	932	1742
fici_NCPPB_2372.fasta	fici_NCPPB_2372.fasta	100	1659	1660
fici_NCPPB_2372.fasta	fici_NCPPB_3886.fasta	99.5649	1567	1660
fici_NCPPB_2372.fasta	fici_NCPPB_3887.fasta	99.5644	1567	1660
fici_NCPPB_2372.fasta	fici_NCPPB_3795.fasta	98.7085	1529	1660
fici_NCPPB_2372.fasta	fici_NCPPB_3797.fasta	98.6158	1525	1660
fici_NCPPB_2372.fasta	fici_NCPPB_3796.fasta	98.6135	1527	1660
fici_NCPPB_2372.fasta	poinsettiicola_NCPPB_3948.fasta	98.506	1528	1660
fici_NCPPB_2372.fasta	poinsettiicola_NCPPB_581.fasta	98.4868	1518	1660
fici_NCPPB_2372.fasta	X._euvesicatoria_pv._euvesicatoria_LMG_27970_T.fasta	98.0194	1074	1660
fici_NCPPB_2372.fasta	X._citri_LMG_9322_T.fasta	94.3163	1409	1660
fici_NCPPB_2372.fasta	X._phaseoli_ATCC_49119_T.fasta	94.1297	1498	1660
fici_NCPPB_2372.fasta	X._axonopodis_LMG_982_T.fasta	93.1215	987	1660
fici_NCPPB_2372.fasta	pruni_NCPPB_416.fasta	87.642	1359	1660
fici_NCPPB_2372.fasta	corylina_NCPPB_935.fasta	87.6377	1325	1660
fici_NCPPB_2372.fasta	X._arboricola_CFBP_2528_T.fasta	87.533	1347	1660
fici_NCPPB_2372.fasta	poinsettiicola_NCPPB_1939.fasta	87.2053	1335	1660
fici_NCPPB_2372.fasta	X._codiaei_NCPPB_4350.fasta	87.1364	1234	1660
fici_NCPPB_2372.fasta	X._codiaei_X203.fasta	87.1312	1284	1660
fici_NCPPB_2372.fasta	X._codiaei_NCPPB_4406.fasta	87.1224	1299	1660
fici_NCPPB_2372.fasta	X._hydrangeae_LMG_31884_T.fasta	87.1152	1333	1660
fici_NCPPB_2372.fasta	hydrangeae_NCPPB_4692.fasta	87.1044	1323	1660
fici_NCPPB_2372.fasta	X._codiaei_CFBP4690.fasta	87.084	1322	1660
fici_NCPPB_3795.fasta	fici_NCPPB_3795.fasta	100	1650	1653
fici_NCPPB_3795.fasta	fici_NCPPB_3796.fasta	98.883	1600	1653
fici_NCPPB_3795.fasta	fici_NCPPB_3797.fasta	98.8807	1599	1653
fici_NCPPB_3795.fasta	poinsettiicola_NCPPB_581.fasta	98.7823	1557	1653
fici_NCPPB_3795.fasta	poinsettiicola_NCPPB_3948.fasta	98.7098	1559	1653
fici_NCPPB_3795.fasta	fici_NCPPB_2372.fasta	98.6694	1528	1653
fici_NCPPB_3795.fasta	fici_NCPPB_3886.fasta	98.638	1544	1653
fici_NCPPB_3795.fasta	fici_NCPPB_3887.fasta	98.6304	1544	1653
fici_NCPPB_3795.fasta	X._euvesicatoria_pv._euvesicatoria_LMG_27970_T.fasta	98.1754	1096	1653
fici_NCPPB_3795.fasta	X._citri_LMG_9322_T.fasta	94.4076	1420	1653
fici_NCPPB_3795.fasta	X._phaseoli_ATCC_49119_T.fasta	94.1366	1516	1653
fici_NCPPB_3795.fasta	X._axonopodis_LMG_982_T.fasta	93.2302	995	1653
fici_NCPPB_3795.fasta	pruni_NCPPB_416.fasta	87.6112	1358	1653
fici_NCPPB_3795.fasta	corylina_NCPPB_935.fasta	87.5663	1369	1653
fici_NCPPB_3795.fasta	X._arboricola_CFBP_2528_T.fasta	87.5108	1345	1653
fici_NCPPB_3795.fasta	X._codiaei_X203.fasta	87.1941	1309	1653
fici_NCPPB_3795.fasta	X._codiaei_NCPPB_4406.fasta	87.1828	1315	1653
fici_NCPPB_3795.fasta	poinsettiicola_NCPPB_1939.fasta	87.1647	1386	1653
fici_NCPPB_3795.fasta	hydrangeae_NCPPB_4692.fasta	87.1638	1351	1653
fici_NCPPB_3795.fasta	X._hydrangeae_LMG_31884_T.fasta	87.1612	1389	1653
fici_NCPPB_3795.fasta	X._codiaei_CFBP4690.fasta	87.1516	1337	1653
fici_NCPPB_3795.fasta	X._codiaei_NCPPB_4350.fasta	87.0662	1249	1653
fici_NCPPB_3796.fasta	fici_NCPPB_3796.fasta	100	1683	1684
fici_NCPPB_3796.fasta	fici_NCPPB_3797.fasta	99.9982	1682	1684
fici_NCPPB_3796.fasta	fici_NCPPB_3795.fasta	98.889	1604	1684
fici_NCPPB_3796.fasta	poinsettiicola_NCPPB_3948.fasta	98.7848	1557	1684
fici_NCPPB_3796.fasta	poinsettiicola_NCPPB_581.fasta	98.7791	1548	1684
fici_NCPPB_3796.fasta	fici_NCPPB_3887.fasta	98.58	1534	1684
fici_NCPPB_3796.fasta	fici_NCPPB_2372.fasta	98.5656	1534	1684
fici_NCPPB_3796.fasta	fici_NCPPB_3886.fasta	98.5599	1539	1684
fici_NCPPB_3796.fasta	X._euvesicatoria_pv._euvesicatoria_LMG_27970_T.fasta	98.0768	1092	1684
fici_NCPPB_3796.fasta	X._citri_LMG_9322_T.fasta	94.366	1418	1684
fici_NCPPB_3796.fasta	X._phaseoli_ATCC_49119_T.fasta	94.1542	1511	1684
fici_NCPPB_3796.fasta	X._axonopodis_LMG_982_T.fasta	93.1858	1004	1684
fici_NCPPB_3796.fasta	pruni_NCPPB_416.fasta	87.6286	1370	1684
fici_NCPPB_3796.fasta	corylina_NCPPB_935.fasta	87.5884	1348	1684
fici_NCPPB_3796.fasta	X._arboricola_CFBP_2528_T.fasta	87.4907	1354	1684
fici_NCPPB_3796.fasta	X._hydrangeae_LMG_31884_T.fasta	87.2699	1369	1684
fici_NCPPB_3796.fasta	hydrangeae_NCPPB_4692.fasta	87.2207	1383	1684
fici_NCPPB_3796.fasta	X._codiaei_X203.fasta	87.1059	1301	1684
fici_NCPPB_3796.fasta	X._codiaei_NCPPB_4406.fasta	87.0762	1317	1684
fici_NCPPB_3796.fasta	poinsettiicola_NCPPB_1939.fasta	87.0575	1383	1684
fici_NCPPB_3796.fasta	X._codiaei_CFBP4690.fasta	87.0371	1374	1684
fici_NCPPB_3796.fasta	X._codiaei_NCPPB_4350.fasta	87.0221	1255	1684
fici_NCPPB_3797.fasta	fici_NCPPB_3797.fasta	100	1683	1685
fici_NCPPB_3797.fasta	fici_NCPPB_3796.fasta	99.9982	1681	1685
fici_NCPPB_3797.fasta	fici_NCPPB_3795.fasta	98.8872	1601	1685
fici_NCPPB_3797.fasta	poinsettiicola_NCPPB_3948.fasta	98.7848	1558	1685
fici_NCPPB_3797.fasta	poinsettiicola_NCPPB_581.fasta	98.7732	1549	1685
fici_NCPPB_3797.fasta	fici_NCPPB_3887.fasta	98.5775	1535	1685
fici_NCPPB_3797.fasta	fici_NCPPB_2372.fasta	98.5744	1535	1685
fici_NCPPB_3797.fasta	fici_NCPPB_3886.fasta	98.5591	1538	1685
fici_NCPPB_3797.fasta	X._euvesicatoria_pv._euvesicatoria_LMG_27970_T.fasta	98.0852	1095	1685
fici_NCPPB_3797.fasta	X._citri_LMG_9322_T.fasta	94.3716	1419	1685
fici_NCPPB_3797.fasta	X._phaseoli_ATCC_49119_T.fasta	94.15	1513	1685
fici_NCPPB_3797.fasta	X._axonopodis_LMG_982_T.fasta	93.204	1004	1685
fici_NCPPB_3797.fasta	pruni_NCPPB_416.fasta	87.6175	1369	1685
fici_NCPPB_3797.fasta	corylina_NCPPB_935.fasta	87.5842	1349	1685
fici_NCPPB_3797.fasta	X._arboricola_CFBP_2528_T.fasta	87.4824	1349	1685
fici_NCPPB_3797.fasta	X._hydrangeae_LMG_31884_T.fasta	87.262	1367	1685
fici_NCPPB_3797.fasta	hydrangeae_NCPPB_4692.fasta	87.2036	1382	1685
fici_NCPPB_3797.fasta	X._codiaei_X203.fasta	87.1262	1301	1685
fici_NCPPB_3797.fasta	poinsettiicola_NCPPB_1939.fasta	87.091	1380	1685
fici_NCPPB_3797.fasta	X._codiaei_NCPPB_4406.fasta	87.0896	1316	1685
fici_NCPPB_3797.fasta	X._codiaei_CFBP4690.fasta	87.0504	1371	1685
fici_NCPPB_3797.fasta	X._codiaei_NCPPB_4350.fasta	87.0291	1256	1685
fici_NCPPB_3886.fasta	fici_NCPPB_3886.fasta	100	1755	1757
fici_NCPPB_3886.fasta	fici_NCPPB_3887.fasta	99.9993	1754	1757
fici_NCPPB_3886.fasta	fici_NCPPB_2372.fasta	99.4951	1568	1757
fici_NCPPB_3886.fasta	fici_NCPPB_3795.fasta	98.6816	1543	1757
fici_NCPPB_3886.fasta	poinsettiicola_NCPPB_581.fasta	98.5391	1531	1757
fici_NCPPB_3886.fasta	fici_NCPPB_3797.fasta	98.5113	1549	1757
fici_NCPPB_3886.fasta	fici_NCPPB_3796.fasta	98.5109	1551	1757
fici_NCPPB_3886.fasta	poinsettiicola_NCPPB_3948.fasta	98.3984	1546	1757
fici_NCPPB_3886.fasta	X._euvesicatoria_pv._euvesicatoria_LMG_27970_T.fasta	97.867	1101	1757
fici_NCPPB_3886.fasta	X._citri_LMG_9322_T.fasta	94.2143	1444	1757
fici_NCPPB_3886.fasta	X._phaseoli_ATCC_49119_T.fasta	94.1469	1506	1757
fici_NCPPB_3886.fasta	X._axonopodis_LMG_982_T.fasta	93.1491	996	1757
fici_NCPPB_3886.fasta	pruni_NCPPB_416.fasta	87.6493	1383	1757
fici_NCPPB_3886.fasta	corylina_NCPPB_935.fasta	87.5926	1345	1757
fici_NCPPB_3886.fasta	X._arboricola_CFBP_2528_T.fasta	87.5551	1347	1757
fici_NCPPB_3886.fasta	X._codiaei_X203.fasta	87.1207	1280	1757
fici_NCPPB_3886.fasta	poinsettiicola_NCPPB_1939.fasta	87.1034	1366	1757
fici_NCPPB_3886.fasta	X._hydrangeae_LMG_31884_T.fasta	87.064	1360	1757
fici_NCPPB_3886.fasta	X._codiaei_NCPPB_4406.fasta	87.0385	1299	1757
fici_NCPPB_3886.fasta	X._codiaei_CFBP4690.fasta	87.0194	1330	1757
fici_NCPPB_3886.fasta	hydrangeae_NCPPB_4692.fasta	87.0185	1356	1757
fici_NCPPB_3886.fasta	X._codiaei_NCPPB_4350.fasta	86.9747	1254	1757
fici_NCPPB_3887.fasta	fici_NCPPB_3887.fasta	100	1754	1755
fici_NCPPB_3887.fasta	fici_NCPPB_3886.fasta	99.9993	1754	1755
fici_NCPPB_3887.fasta	fici_NCPPB_2372.fasta	99.5194	1571	1755
fici_NCPPB_3887.fasta	fici_NCPPB_3795.fasta	98.6986	1541	1755
fici_NCPPB_3887.fasta	fici_NCPPB_3797.fasta	98.5514	1544	1755
fici_NCPPB_3887.fasta	fici_NCPPB_3796.fasta	98.5491	1547	1755
fici_NCPPB_3887.fasta	poinsettiicola_NCPPB_581.fasta	98.5188	1533	1755
fici_NCPPB_3887.fasta	poinsettiicola_NCPPB_3948.fasta	98.4012	1548	1755
fici_NCPPB_3887.fasta	X._euvesicatoria_pv._euvesicatoria_LMG_27970_T.fasta	97.9184	1095	1755
fici_NCPPB_3887.fasta	X._citri_LMG_9322_T.fasta	94.257	1438	1755
fici_NCPPB_3887.fasta	X._phaseoli_ATCC_49119_T.fasta	94.1623	1505	1755
fici_NCPPB_3887.fasta	X._axonopodis_LMG_982_T.fasta	93.0984	999	1755
fici_NCPPB_3887.fasta	pruni_NCPPB_416.fasta	87.6422	1389	1755
fici_NCPPB_3887.fasta	corylina_NCPPB_935.fasta	87.6214	1342	1755
fici_NCPPB_3887.fasta	X._arboricola_CFBP_2528_T.fasta	87.5327	1350	1755
fici_NCPPB_3887.fasta	poinsettiicola_NCPPB_1939.fasta	87.1171	1362	1755
fici_NCPPB_3887.fasta	X._hydrangeae_LMG_31884_T.fasta	87.1124	1349	1755
fici_NCPPB_3887.fasta	hydrangeae_NCPPB_4692.fasta	87.0855	1362	1755
fici_NCPPB_3887.fasta	X._codiaei_X203.fasta	87.0743	1299	1755
fici_NCPPB_3887.fasta	X._codiaei_CFBP4690.fasta	87.0609	1322	1755
fici_NCPPB_3887.fasta	X._codiaei_NCPPB_4406.fasta	87.024	1297	1755
fici_NCPPB_3887.fasta	X._codiaei_NCPPB_4350.fasta	87.012	1250	1755
hydrangeae_NCPPB_4692.fasta	hydrangeae_NCPPB_4692.fasta	100	1855	1857
hydrangeae_NCPPB_4692.fasta	X._hydrangeae_LMG_31884_T.fasta	99.995	1854	1857
hydrangeae_NCPPB_4692.fasta	X._arboricola_CFBP_2528_T.fasta	90.6075	1432	1857
hydrangeae_NCPPB_4692.fasta	corylina_NCPPB_935.fasta	90.5592	1442	1857
hydrangeae_NCPPB_4692.fasta	pruni_NCPPB_416.fasta	90.5307	1491	1857
hydrangeae_NCPPB_4692.fasta	fici_NCPPB_3797.fasta	87.3202	1374	1857
hydrangeae_NCPPB_4692.fasta	fici_NCPPB_3796.fasta	87.3061	1373	1857
hydrangeae_NCPPB_4692.fasta	fici_NCPPB_3795.fasta	87.2489	1366	1857
hydrangeae_NCPPB_4692.fasta	X._codiaei_NCPPB_4406.fasta	87.1477	1290	1857
hydrangeae_NCPPB_4692.fasta	X._codiaei_X203.fasta	87.1447	1284	1857
hydrangeae_NCPPB_4692.fasta	poinsettiicola_NCPPB_1939.fasta	87.1267	1360	1857
hydrangeae_NCPPB_4692.fasta	fici_NCPPB_3887.fasta	87.1144	1362	1857
hydrangeae_NCPPB_4692.fasta	fici_NCPPB_3886.fasta	87.1073	1365	1857
hydrangeae_NCPPB_4692.fasta	poinsettiicola_NCPPB_581.fasta	87.0971	1342	1857
hydrangeae_NCPPB_4692.fasta	fici_NCPPB_2372.fasta	87.0874	1343	1857
hydrangeae_NCPPB_4692.fasta	poinsettiicola_NCPPB_3948.fasta	87.0793	1345	1857
hydrangeae_NCPPB_4692.fasta	X._codiaei_CFBP4690.fasta	87.0611	1311	1857
hydrangeae_NCPPB_4692.fasta	X._codiaei_NCPPB_4350.fasta	87.0205	1232	1857
hydrangeae_NCPPB_4692.fasta	X._citri_LMG_9322_T.fasta	86.9315	1312	1857
hydrangeae_NCPPB_4692.fasta	X._phaseoli_ATCC_49119_T.fasta	86.8884	1365	1857
hydrangeae_NCPPB_4692.fasta	X._euvesicatoria_pv._euvesicatoria_LMG_27970_T.fasta	86.8697	988	1857
hydrangeae_NCPPB_4692.fasta	X._axonopodis_LMG_982_T.fasta	86.6062	930	1857
poinsettiicola_NCPPB_1939.fasta	poinsettiicola_NCPPB_1939.fasta	100	1795	1796
poinsettiicola_NCPPB_1939.fasta	X._codiaei_X203.fasta	99.8904	1650	1796
poinsettiicola_NCPPB_1939.fasta	X._codiaei_CFBP4690.fasta	97.489	1537	1796
poinsettiicola_NCPPB_1939.fasta	X._codiaei_NCPPB_4406.fasta	97.4729	1497	1796
poinsettiicola_NCPPB_1939.fasta	X._codiaei_NCPPB_4350.fasta	97.4324	1423	1796
poinsettiicola_NCPPB_1939.fasta	pruni_NCPPB_416.fasta	87.6095	1364	1796
poinsettiicola_NCPPB_1939.fasta	X._arboricola_CFBP_2528_T.fasta	87.5992	1335	1796
poinsettiicola_NCPPB_1939.fasta	corylina_NCPPB_935.fasta	87.5985	1361	1796
poinsettiicola_NCPPB_1939.fasta	X._phaseoli_ATCC_49119_T.fasta	87.103	1385	1796
poinsettiicola_NCPPB_1939.fasta	fici_NCPPB_2372.fasta	87.0922	1374	1796
poinsettiicola_NCPPB_1939.fasta	fici_NCPPB_3886.fasta	87.0672	1381	1796
poinsettiicola_NCPPB_1939.fasta	X._hydrangeae_LMG_31884_T.fasta	87.0396	1354	1796
poinsettiicola_NCPPB_1939.fasta	fici_NCPPB_3887.fasta	87.0369	1379	1796
poinsettiicola_NCPPB_1939.fasta	hydrangeae_NCPPB_4692.fasta	87.0268	1364	1796
poinsettiicola_NCPPB_1939.fasta	poinsettiicola_NCPPB_3948.fasta	87.0232	1395	1796
poinsettiicola_NCPPB_1939.fasta	fici_NCPPB_3796.fasta	87.0023	1403	1796
poinsettiicola_NCPPB_1939.fasta	fici_NCPPB_3797.fasta	86.9969	1404	1796
poinsettiicola_NCPPB_1939.fasta	poinsettiicola_NCPPB_581.fasta	86.9837	1396	1796
poinsettiicola_NCPPB_1939.fasta	fici_NCPPB_3795.fasta	86.9711	1417	1796
poinsettiicola_NCPPB_1939.fasta	X._citri_LMG_9322_T.fasta	86.8382	1320	1796
poinsettiicola_NCPPB_1939.fasta	X._euvesicatoria_pv._euvesicatoria_LMG_27970_T.fasta	86.7694	1009	1796
poinsettiicola_NCPPB_1939.fasta	X._axonopodis_LMG_982_T.fasta	86.4237	936	1796
poinsettiicola_NCPPB_3948.fasta	poinsettiicola_NCPPB_3948.fasta	100	1715	1715
poinsettiicola_NCPPB_3948.fasta	fici_NCPPB_3797.fasta	98.8328	1554	1715
poinsettiicola_NCPPB_3948.fasta	fici_NCPPB_3796.fasta	98.8318	1554	1715
poinsettiicola_NCPPB_3948.fasta	poinsettiicola_NCPPB_581.fasta	98.7885	1551	1715
poinsettiicola_NCPPB_3948.fasta	fici_NCPPB_3795.fasta	98.7025	1556	1715
poinsettiicola_NCPPB_3948.fasta	fici_NCPPB_2372.fasta	98.4706	1532	1715
poinsettiicola_NCPPB_3948.fasta	fici_NCPPB_3886.fasta	98.4696	1534	1715
poinsettiicola_NCPPB_3948.fasta	fici_NCPPB_3887.fasta	98.4497	1537	1715
poinsettiicola_NCPPB_3948.fasta	X._euvesicatoria_pv._euvesicatoria_LMG_27970_T.fasta	97.9924	1104	1715
poinsettiicola_NCPPB_3948.fasta	X._citri_LMG_9322_T.fasta	94.315	1420	1715
poinsettiicola_NCPPB_3948.fasta	X._phaseoli_ATCC_49119_T.fasta	94.1477	1518	1715
poinsettiicola_NCPPB_3948.fasta	X._axonopodis_LMG_982_T.fasta	93.2034	993	1715
poinsettiicola_NCPPB_3948.fasta	pruni_NCPPB_416.fasta	87.5613	1380	1715
poinsettiicola_NCPPB_3948.fasta	corylina_NCPPB_935.fasta	87.4628	1351	1715
poinsettiicola_NCPPB_3948.fasta	X._arboricola_CFBP_2528_T.fasta	87.44	1345	1715
poinsettiicola_NCPPB_3948.fasta	X._codiaei_NCPPB_4406.fasta	87.1392	1295	1715
poinsettiicola_NCPPB_3948.fasta	X._codiaei_X203.fasta	87.1226	1298	1715
poinsettiicola_NCPPB_3948.fasta	X._codiaei_CFBP4690.fasta	87.0477	1341	1715
poinsettiicola_NCPPB_3948.fasta	X._hydrangeae_LMG_31884_T.fasta	87.0474	1338	1715
poinsettiicola_NCPPB_3948.fasta	X._codiaei_NCPPB_4350.fasta	87.045	1252	1715
poinsettiicola_NCPPB_3948.fasta	poinsettiicola_NCPPB_1939.fasta	87.029	1393	1715
poinsettiicola_NCPPB_3948.fasta	hydrangeae_NCPPB_4692.fasta	86.9842	1348	1715
poinsettiicola_NCPPB_581.fasta	poinsettiicola_NCPPB_581.fasta	100	1663	1664
poinsettiicola_NCPPB_581.fasta	fici_NCPPB_3797.fasta	98.766	1551	1664
poinsettiicola_NCPPB_581.fasta	fici_NCPPB_3796.fasta	98.7659	1552	1664
poinsettiicola_NCPPB_581.fasta	fici_NCPPB_3795.fasta	98.765	1554	1664
poinsettiicola_NCPPB_581.fasta	poinsettiicola_NCPPB_3948.fasta	98.7259	1558	1664
poinsettiicola_NCPPB_581.fasta	fici_NCPPB_3887.fasta	98.5276	1521	1664
poinsettiicola_NCPPB_581.fasta	fici_NCPPB_3886.fasta	98.5212	1525	1664
poinsettiicola_NCPPB_581.fasta	fici_NCPPB_2372.fasta	98.4972	1518	1664
poinsettiicola_NCPPB_581.fasta	X._euvesicatoria_pv._euvesicatoria_LMG_27970_T.fasta	97.9424	1090	1664
poinsettiicola_NCPPB_581.fasta	X._citri_LMG_9322_T.fasta	94.3995	1409	1664
poinsettiicola_NCPPB_581.fasta	X._phaseoli_ATCC_49119_T.fasta	94.1593	1499	1664
poinsettiicola_NCPPB_581.fasta	X._axonopodis_LMG_982_T.fasta	93.1729	1000	1664
poinsettiicola_NCPPB_581.fasta	corylina_NCPPB_935.fasta	87.5303	1344	1664
poinsettiicola_NCPPB_581.fasta	pruni_NCPPB_416.fasta	87.5183	1358	1664
poinsettiicola_NCPPB_581.fasta	X._arboricola_CFBP_2528_T.fasta	87.4894	1359	1664
poinsettiicola_NCPPB_581.fasta	X._codiaei_NCPPB_4406.fasta	87.202	1277	1664
poinsettiicola_NCPPB_581.fasta	X._codiaei_CFBP4690.fasta	87.076	1334	1664
poinsettiicola_NCPPB_581.fasta	X._codiaei_NCPPB_4350.fasta	87.0739	1243	1664
poinsettiicola_NCPPB_581.fasta	X._hydrangeae_LMG_31884_T.fasta	87.0605	1361	1664
poinsettiicola_NCPPB_581.fasta	poinsettiicola_NCPPB_1939.fasta	87.0279	1385	1664
poinsettiicola_NCPPB_581.fasta	X._codiaei_X203.fasta	87.0228	1301	1664
poinsettiicola_NCPPB_581.fasta	hydrangeae_NCPPB_4692.fasta	87.0181	1370	1664
pruni_NCPPB_416.fasta	pruni_NCPPB_416.fasta	100	1766	1768
pruni_NCPPB_416.fasta	corylina_NCPPB_935.fasta	98.6252	1588	1768
pruni_NCPPB_416.fasta	X._arboricola_CFBP_2528_T.fasta	97.2925	1532	1768
pruni_NCPPB_416.fasta	X._hydrangeae_LMG_31884_T.fasta	90.5606	1490	1768
pruni_NCPPB_416.fasta	hydrangeae_NCPPB_4692.fasta	90.5428	1492	1768
pruni_NCPPB_416.fasta	X._codiaei_X203.fasta	87.6933	1282	1768
pruni_NCPPB_416.fasta	X._codiaei_NCPPB_4406.fasta	87.6749	1293	1768
pruni_NCPPB_416.fasta	poinsettiicola_NCPPB_1939.fasta	87.6523	1370	1768
pruni_NCPPB_416.fasta	X._codiaei_NCPPB_4350.fasta	87.6443	1247	1768
pruni_NCPPB_416.fasta	X._codiaei_CFBP4690.fasta	87.6277	1331	1768
pruni_NCPPB_416.fasta	fici_NCPPB_2372.fasta	87.6141	1374	1768
pruni_NCPPB_416.fasta	fici_NCPPB_3797.fasta	87.6113	1355	1768
pruni_NCPPB_416.fasta	fici_NCPPB_3796.fasta	87.6098	1357	1768
pruni_NCPPB_416.fasta	fici_NCPPB_3795.fasta	87.6053	1348	1768
pruni_NCPPB_416.fasta	fici_NCPPB_3886.fasta	87.5949	1396	1768
pruni_NCPPB_416.fasta	fici_NCPPB_3887.fasta	87.5616	1395	1768
pruni_NCPPB_416.fasta	poinsettiicola_NCPPB_581.fasta	87.5276	1345	1768
pruni_NCPPB_416.fasta	poinsettiicola_NCPPB_3948.fasta	87.5113	1364	1768
pruni_NCPPB_416.fasta	X._euvesicatoria_pv._euvesicatoria_LMG_27970_T.fasta	87.4627	1002	1768
pruni_NCPPB_416.fasta	X._citri_LMG_9322_T.fasta	87.4501	1327	1768
pruni_NCPPB_416.fasta	X._phaseoli_ATCC_49119_T.fasta	87.3801	1380	1768
pruni_NCPPB_416.fasta	X._axonopodis_LMG_982_T.fasta	86.9318	937	1768
