GCA_000145745.1_ASM14574v1_genomic.fna	Pam_ICMP_3918_T.fasta	87.9274	1456	1935
GCA_000507185.2_PSs_v03_genomic.fna	Pam_ICMP_3918_T.fasta	89.36	1492	2049
GCA_000597765.1_PSSRIMT-15J14_genomic.fna	Pam_ICMP_3918_T.fasta	89.3743	1458	1982
GCA_000935645.1_PSAVPseNe107-G1_genomic.fna	Pam_ICMP_3918_T.fasta	99.9242	1657	1742
GCA_001294215.1_PmpFTRS_U7805_genomic.fna	Pam_ICMP_3918_T.fasta	98.4129	1514	1749
GCA_001401075.1_PsyICMP3023_genomic.fna	Pam_ICMP_3918_T.fasta	89.4062	1424	1941
GCA_001535735.1_ASM153573v1_genomic.fna	Pam_ICMP_3918_T.fasta	98.685	1653	2012
GCA_001535755.1_ASM153575v1_genomic.fna	Pam_ICMP_3918_T.fasta	87.9579	1503	2043
GCA_001535785.1_ASM153578v1_genomic.fna	Pam_ICMP_3918_T.fasta	98.7165	1646	1999
GCA_002699855.1_ASM269985v1_genomic.fna	Pam_ICMP_3918_T.fasta	100	1731	1751
GCA_002736925.1_ASM273692v1_genomic.fna	Pam_ICMP_3918_T.fasta	98.7203	1643	2040
GCA_002905685.2_ASM290568v2_genomic.fna	Pam_ICMP_3918_T.fasta	98.6801	1661	2147
GCA_002905735.1_ASM290573v1_genomic.fna	Pam_ICMP_3918_T.fasta	98.7122	1649	2022
GCA_002905755.1_ASM290575v1_genomic.fna	Pam_ICMP_3918_T.fasta	98.6896	1653	2022
GCA_002905875.2_ASM290587v2_genomic.fna	Pam_ICMP_3918_T.fasta	98.6199	1674	2213
GCA_002905895.1_ASM290589v1_genomic.fna	Pam_ICMP_3918_T.fasta	98.6947	1654	2017
GCA_002905915.1_ASM290591v1_genomic.fna	Pam_ICMP_3918_T.fasta	98.7103	1653	2019
GCA_002916305.1_7968A_genomic.fna	Pam_ICMP_3918_T.fasta	87.9993	1500	2047
GCA_002916395.1_5270_genomic.fna	Pam_ICMP_3918_T.fasta	98.7573	1656	2009
GCA_002939205.1_ASM293920v1_genomic.fna	Pam_ICMP_3918_T.fasta	98.699	1510	1804
GCA_002939225.1_ASM293922v1_genomic.fna	Pam_ICMP_3918_T.fasta	98.4255	1471	1685
GCA_002939245.1_ASM293924v1_genomic.fna	Pam_ICMP_3918_T.fasta	98.6569	1523	1818
GCA_003698945.1_ASM369894v1_genomic.fna	Pam_ICMP_3918_T.fasta	87.9435	1437	1893
GCA_003700095.1_ASM370009v1_genomic.fna	Pam_ICMP_3918_T.fasta	98.6805	1625	1918
GCA_003700615.1_ASM370061v1_genomic.fna	Pam_ICMP_3918_T.fasta	98.7788	1612	1919
GCA_003702205.1_ASM370220v1_genomic.fna	Pam_ICMP_3918_T.fasta	98.7575	1587	1863
GCA_014653325.1_ASM1465332v1_genomic.fna	Pam_ICMP_3918_T.fasta	98.5932	1658	2070
GCA_031935445.1_ASM3193544v1_genomic.fna	Pam_ICMP_3918_T.fasta	98.7075	1652	2020
GCA_031935485.1_ASM3193548v1_genomic.fna	Pam_ICMP_3918_T.fasta	98.7259	1647	1989
GCA_031935505.1_ASM3193550v1_genomic.fna	Pam_ICMP_3918_T.fasta	98.7109	1649	2016
GCA_963870605.1_ena-yuan-GCF_001294215.1_genomic.fna	Pam_ICMP_3918_T.fasta	98.4129	1514	1749
